<?xml version="1.0" encoding="utf-8"?><testsuites name="pytest tests"><testsuite name="pytest" errors="0" failures="0" skipped="0" tests="12" time="2.980" timestamp="2026-02-25T20:43:36.052662+00:00" hostname="agent-env-1cba2a82-cd6f-4322-8bef-68913ab78fee"><testcase classname="backend.tests.test_pribega_api.TestHealthCheck" name="test_api_root_returns_200" time="0.283" /><testcase classname="backend.tests.test_pribega_api.TestContactAPI" name="test_contact_submission_success" time="0.286" /><testcase classname="backend.tests.test_pribega_api.TestContactAPI" name="test_contact_submission_english" time="0.182" /><testcase classname="backend.tests.test_pribega_api.TestContactAPI" name="test_contact_submission_minimal_fields" time="0.259" /><testcase classname="backend.tests.test_pribega_api.TestContactAPI" name="test_contact_submission_missing_required_fields" time="0.146" /><testcase classname="backend.tests.test_pribega_api.TestContactAPI" name="test_get_contacts_list" time="0.290" /><testcase classname="backend.tests.test_pribega_api.TestQuizAPI" name="test_quiz_natural_effect_recommendation" time="0.150" /><testcase classname="backend.tests.test_pribega_api.TestQuizAPI" name="test_quiz_defined_effect_recommendation" time="0.181" /><testcase classname="backend.tests.test_pribega_api.TestQuizAPI" name="test_quiz_dramatic_effect_recommendation" time="0.155" /><testcase classname="backend.tests.test_pribega_api.TestQuizAPI" name="test_quiz_missing_required_fields" time="0.139" /><testcase classname="backend.tests.test_pribega_api.TestQuizAPI" name="test_get_quiz_results_list" time="0.195" /><testcase classname="backend.tests.test_pribega_api.TestAcademyContactSubmission" name="test_academy_application_submission" time="0.332" /></testsuite></testsuites>